Company: [boId :=C001][Company Name :Apple,Employee list :[Employee :[boId :=EMP001][FirstName :Alice,LastName :Kim,work for :C001], Employee :[boId :=EMP004][FirstName :kcmt,LastName :chanmyae,work for :C001]]]
Company: [boId :=C001][Company Name :Apple,Employee list :[Employee :[boId :=EMP001][FirstName :Alice,LastName :Kim,work for :C001], Employee :[boId :=EMP004][FirstName :kcmt,LastName :chanmyae,work for :C001]]]
Company: [boId :=C002][Company Name :IBM,Employee list :[Employee :[boId :=EMP002][FirstName :Bob,LastName :Gilman,work for :C002], Employee :[boId :=EMP005][FirstName :Bob,LastName :Gilman,work for :C002]]]
Company: [boId :=C002][Company Name :IBM,Employee list :[Employee :[boId :=EMP002][FirstName :Bob,LastName :Gilman,work for :C002], Employee :[boId :=EMP005][FirstName :Bob,LastName :Gilman,work for :C002]]]
Company: [boId :=C003][Company Name :Adobe,Employee list :[Employee :[boId :=EMP003][FirstName :John,LastName :Mark,work for :C003], Employee :[boId :=EMP006][FirstName :John,LastName :Mark,work for :C003], Employee :[boId :=EMP007][FirstName :John,LastName :Mark,work for :C003]]]
Company: [boId :=C003][Company Name :Adobe,Employee list :[Employee :[boId :=EMP003][FirstName :John,LastName :Mark,work for :C003], Employee :[boId :=EMP006][FirstName :John,LastName :Mark,work for :C003], Employee :[boId :=EMP007][FirstName :John,LastName :Mark,work for :C003]]]
Employee :[boId :=EMP001][FirstName :Alice,LastName :Kim,work for :C001]
Employee :[boId :=EMP001][FirstName :Alice,LastName :Kim,work for :C001]
Employee :[boId :=EMP002][FirstName :Bob,LastName :Gilman,work for :C002]
Employee :[boId :=EMP002][FirstName :Bob,LastName :Gilman,work for :C002]
Employee :[boId :=EMP003][FirstName :John,LastName :Mark,work for :C003]
Employee :[boId :=EMP003][FirstName :John,LastName :Mark,work for :C003]
Employee :[boId :=EMP004][FirstName :kcmt,LastName :chanmyae,work for :C001]
Employee :[boId :=EMP004][FirstName :kcmt,LastName :chanmyae,work for :C001]
Employee :[boId :=EMP005][FirstName :Bob,LastName :Gilman,work for :C002]
Employee :[boId :=EMP005][FirstName :Bob,LastName :Gilman,work for :C002]
Employee :[boId :=EMP006][FirstName :John,LastName :Mark,work for :C003]
Employee :[boId :=EMP006][FirstName :John,LastName :Mark,work for :C003]
Employee :[boId :=EMP007][FirstName :John,LastName :Mark,work for :C003]
Employee :[boId :=EMP007][FirstName :John,LastName :Mark,work for :C003]
Company: [boId :=C001][Company Name :Apple,Employee list :[Employee :[boId :=EMP001][FirstName :Alice,LastName :Kim,work for :C001], Employee :[boId :=EMP004][FirstName :kcmt,LastName :chanmyae,work for :C001]]]
Company: [boId :=C002][Company Name :IBM,Employee list :[Employee :[boId :=EMP002][FirstName :Bob,LastName :Gilman,work for :C002], Employee :[boId :=EMP005][FirstName :Bob,LastName :Gilman,work for :C002]]]
Company: [boId :=C003][Company Name :Adobe,Employee list :[Employee :[boId :=EMP003][FirstName :John,LastName :Mark,work for :C003], Employee :[boId :=EMP006][FirstName :John,LastName :Mark,work for :C003], Employee :[boId :=EMP007][FirstName :John,LastName :Mark,work for :C003]]]
Employee :[boId :=EMP001][FirstName :Alice,LastName :Kim,work for :C001]
Employee :[boId :=EMP002][FirstName :Bob,LastName :Gilman,work for :C002]
Employee :[boId :=EMP003][FirstName :John,LastName :Mark,work for :C003]
Employee :[boId :=EMP004][FirstName :kcmt,LastName :chanmyae,work for :C001]
Employee :[boId :=EMP005][FirstName :Bob,LastName :Gilman,work for :C002]
Employee :[boId :=EMP006][FirstName :John,LastName :Mark,work for :C003]
Employee :[boId :=EMP007][FirstName :John,LastName :Mark,work for :C003]
