[Id =C001][Employee list =[[Id =EMP001][firstname=Alice,lastname=Kim,work for=C001], [Id =EMP005][firstname=John,lastname=Mark,work for=C001]]]
[Id =C002][Employee list =[[Id =EMP002][firstname=Bob,lastname=Gilman,work for=C002]]]
[Id =C003][Employee list =[[Id =EMP003][firstname=John,lastname=Mark,work for=C003], [Id =EMP004][firstname=John,lastname=Mark,work for=C003]]]
[Id =EMP001][firstname=Alice,lastname=Kim,work for=C001]
[Id =EMP002][firstname=Bob,lastname=Gilman,work for=C002]
[Id =EMP003][firstname=John,lastname=Mark,work for=C003]
[Id =EMP004][firstname=John,lastname=Mark,work for=C003]
[Id =EMP005][firstname=John,lastname=Mark,work for=C001]
[Id =C001][Employee list =[[Id =EMP001][firstname=Alice,lastname=Kim,work for=C001], [Id =EMP005][firstname=John,lastname=Mark,work for=C001]]]
[Id =C002][Employee list =[[Id =EMP002][firstname=Bob,lastname=Gilman,work for=C002]]]
[Id =C003][Employee list =[[Id =EMP003][firstname=John,lastname=Mark,work for=C003], [Id =EMP004][firstname=John,lastname=Mark,work for=C003]]]
[Id =EMP001][firstname=Alice,lastname=Kim,work for=C001]
[Id =EMP002][firstname=Bob,lastname=Gilman,work for=C002]
[Id =EMP003][firstname=John,lastname=Mark,work for=C003]
[Id =EMP004][firstname=John,lastname=Mark,work for=C003]
[Id =EMP005][firstname=John,lastname=Mark,work for=C001]
[Id =C001][Employee list =[[Id =EMP001][firstname=Alice,lastname=Kim,work for=C001], [Id =EMP005][firstname=John,lastname=Mark,work for=C001]]]
[Id =C002][Employee list =[[Id =EMP002][firstname=Bob,lastname=Gilman,work for=C002]]]
[Id =C003][Employee list =[[Id =EMP003][firstname=John,lastname=Mark,work for=C003], [Id =EMP004][firstname=John,lastname=Mark,work for=C003]]]
[Id =EMP001][firstname=Alice,lastname=Kim,work for=C001]
[Id =EMP002][firstname=Bob,lastname=Gilman,work for=C002]
[Id =EMP003][firstname=John,lastname=Mark,work for=C003]
[Id =EMP004][firstname=John,lastname=Mark,work for=C003]
[Id =EMP005][firstname=John,lastname=Mark,work for=C001]
[Id =C001][Employee list =[[Id =EMP001][firstname=Alice,lastname=Kim,work for=C001], [Id =EMP005][firstname=John,lastname=Mark,work for=C001]]]
[Id =C002][Employee list =[[Id =EMP002][firstname=Bob,lastname=Gilman,work for=C002]]]
[Id =C003][Employee list =[[Id =EMP003][firstname=John,lastname=Mark,work for=C003], [Id =EMP004][firstname=John,lastname=Mark,work for=C003]]]
[Id =EMP001][firstname=Alice,lastname=Kim,work for=C001]
[Id =EMP002][firstname=Bob,lastname=Gilman,work for=C002]
[Id =EMP003][firstname=John,lastname=Mark,work for=C003]
[Id =EMP004][firstname=John,lastname=Mark,work for=C003]
[Id =EMP005][firstname=John,lastname=Mark,work for=C001]
